
> @trackpro/sdk@0.1.0 build C:\Users\ricardo.moretti\OneDrive - Tracbel\Área de Trabalho\Projeto sass\packages\sdk
> tsup src/index.ts --format cjs,esm --dts --minify

[34mCLI[39m Building entry: src/index.ts
[34mCLI[39m Using tsconfig: tsconfig.json
[34mCLI[39m tsup v8.5.1
[34mCLI[39m Target: es2020
[34mCJS[39m Build start
[34mESM[39m Build start

[43m[30m WARN [39m[49m [33m▲ [43;33m[[43;30mWARNING[43;33m][0m [1mThe condition "types" here will never be used as it comes after both "import" and "require"[0m [package.json]

    package.json:12:6:
[37m      12 │       [32m"types"[37m: "./dist/index.d.ts"
         ╵       [32m~~~~~~~[0m

  The "import" condition comes earlier and will be used for all "import" statements:

    package.json:10:6:
[37m      10 │       [32m"import"[37m: "./dist/index.mjs",
         ╵       [32m~~~~~~~~[0m

  The "require" condition comes earlier and will be used for all "require" calls:

    package.json:11:6:
[37m      11 │       [32m"require"[37m: "./dist/index.js",
         ╵       [32m~~~~~~~~~[0m




[43m[30m WARN [39m[49m [33m▲ [43;33m[[43;30mWARNING[43;33m][0m [1mThe condition "types" here will never be used as it comes after both "import" and "require"[0m [package.json]

    package.json:12:6:
[37m      12 │       [32m"types"[37m: "./dist/index.d.ts"
         ╵       [32m~~~~~~~[0m

  The "import" condition comes earlier and will be used for all "import" statements:

    package.json:10:6:
[37m      10 │       [32m"import"[37m: "./dist/index.mjs",
         ╵       [32m~~~~~~~~[0m

  The "require" condition comes earlier and will be used for all "require" calls:

    package.json:11:6:
[37m      11 │       [32m"require"[37m: "./dist/index.js",
         ╵       [32m~~~~~~~~~[0m



[32mESM[39m [1mdist\index.mjs [22m[32m16.96 KB[39m
[32mESM[39m ⚡️ Build success in 243ms
[32mCJS[39m [1mdist\index.js [22m[32m17.54 KB[39m
[32mCJS[39m ⚡️ Build success in 245ms
[34mDTS[39m Build start
[32mDTS[39m ⚡️ Build success in 6048ms
[32mDTS[39m [1mdist\index.d.ts  [22m[32m3.67 KB[39m
[32mDTS[39m [1mdist\index.d.mts [22m[32m3.67 KB[39m
